********************************************************************************
product = Open Liberty 20.0.0.5 (wlp-1.0.40.cl200520200429-1655)
wlp.install.dir = /home/gui/devs/user/target/liberty/wlp/
java.home = /usr/lib/jvm/java-11-openjdk-amd64
java.version = 11.0.7
java.runtime = OpenJDK Runtime Environment (11.0.7+10-post-Ubuntu-3ubuntu1)
os = Linux (5.4.0-29-generic; amd64) (pt_BR)
process = 2735@gui-Aspire-A315-51
********************************************************************************
[17/05/2020 13:46:57:680 BRT] 00000001 com.ibm.ws.kernel.launch.internal.FrameworkManager           A CWWKE0001I: O servidor orion-user-service foi ativado.
[17/05/2020 13:46:58:520 BRT] 00000001 com.ibm.ws.kernel.launch.internal.FrameworkManager           I CWWKE0002I: O kernel foi iniciado após 1,059 segundos
[17/05/2020 13:46:58:537 BRT] 00000022 com.ibm.ws.kernel.feature.internal.FeatureManager            I CWWKF0007I: Atualização do recurso iniciada.
[17/05/2020 13:46:58:844 BRT] 00000017 .apache.cxf.cxf.core.3.2:1.0.40.cl200520200429-1655(id=187)] I Aries Blueprint packages not available. So namespaces will not be registered
[17/05/2020 13:46:58:847 BRT] 00000017 .apache.cxf.cxf.core.3.2:1.0.40.cl200520200429-1655(id=187)] I Aries Blueprint packages not available. So namespaces will not be registered
[17/05/2020 13:46:58:885 BRT] 00000016 com.ibm.ws.security.ready.internal.SecurityReadyServiceImpl  I CWWKS0007I: O serviço de segurança está iniciando...
[17/05/2020 13:46:59:370 BRT] 00000018 com.ibm.ws.app.manager.internal.monitor.DropinMonitor        A CWWKZ0058I: Monitorando dropins para aplicativos.
[17/05/2020 13:46:59:748 BRT] 00000019 com.ibm.ws.cache.ServerCache                                 I DYNA1001I: A instância de Cache Dinâmico do WebSphere denominada baseCache foi inicializada com êxito.
[17/05/2020 13:46:59:756 BRT] 00000019 com.ibm.ws.cache.ServerCache                                 I DYNA1071I: O provedor de cache default está sendo usado.
[17/05/2020 13:46:59:759 BRT] 00000019 com.ibm.ws.cache.CacheServiceImpl                            I DYNA1056I: Cache Dinâmico (cache de objeto) inicializado com êxito.
[17/05/2020 13:47:00:166 BRT] 00000016 ibm.ws.security.authentication.internal.jaas.JAASServiceImpl I CWWKS1123I:  O plug-in de autenticação coletivo com o nome de classe NullCollectiveAuthenticationPlugin foi ativado. 
[17/05/2020 13:47:00:176 BRT] 0000002e com.ibm.ws.security.token.ltpa.internal.LTPAKeyCreateTask    I CWWKS4105I: A configuração de LTPA fica pronta após 0,067 segundos.
[17/05/2020 13:47:00:626 BRT] 00000016 com.ibm.ws.security.jwt.internal.ConsumerImpl                I CWWKS6012I: O serviço do consumidor JSON Web Token (JWT) está disponível.
[17/05/2020 13:47:00:640 BRT] 0000001e com.ibm.ws.ssl.config.WSKeyStore                             I Successfully loaded default keystore: /home/gui/devs/user/target/liberty/wlp/usr/servers/orion-user-service/resources/security/public.jks of type: JKS
[17/05/2020 13:47:00:658 BRT] 00000016 com.ibm.ws.security.jwt.web.JwtEndpointServices              I CWWKS6002I: O trabalho de terminal JSON Web Token (JWT) está disponível.
[17/05/2020 13:47:00:689 BRT] 00000016 .ws.security.mp.jwt.v11.config.impl.MpConfigProxyServiceImpl I CWWKS5775I: O mpConfigProxy do MicroProfile JWT versão 1.1 foi processado com sucesso.
[17/05/2020 13:47:00:717 BRT] 00000016 com.ibm.ws.security.mp.jwt.impl.MicroProfileJwtConfigImpl    I CWWKS5500I: A configuração do MicroProfile JWT [jwtUserConsumer] foi processada com sucesso.
[17/05/2020 13:47:00:721 BRT] 00000016 com.ibm.ws.security.mp.jwt.impl.MicroProfileJwtConfigImpl    I CWWKS5500I: A configuração do MicroProfile JWT [defaultMpJwt] foi processada com sucesso.
[17/05/2020 13:47:00:724 BRT] 00000016 com.ibm.ws.security.mp.jwt.impl.MicroProfileJwtServiceImpl   I CWWKS5500I: A configuração do MicroProfile JWT [MicroProfileJwtService] foi processada com sucesso.
[17/05/2020 13:47:00:907 BRT] 00000016 com.ibm.ws.session.WASSessionCore                            I SESN8501I: O gerenciador de sessões não localizou um local de armazenamento persistente; objetos HttpSession serão armazenados na memória do servidor de aplicativos local.
[17/05/2020 13:47:01:481 BRT] 00000034 com.ibm.ws.app.manager.AppMessageHelper                      I CWWKZ0018I: Iniciando o aplicativo orion-user-service.
[17/05/2020 13:47:01:482 BRT] 00000034 bm.ws.app.manager.war.internal.WARDeployedAppInfoFactoryImpl I CWWKZ0134I: O aplicativo orion-user-service está usando a definição de aplicativo indefinido no local /home/gui/devs/user/target/liberty/wlp/usr/servers/orion-user-service/apps/orion-user-service.war.xml.
[17/05/2020 13:47:01:876 BRT] 00000026 com.ibm.ws.webcontainer.osgi.webapp.WebGroup                 I SRVE0169I: Carregando o Módulo da Web: health.
[17/05/2020 13:47:01:882 BRT] 00000026 com.ibm.ws.webcontainer                                      I SRVE0250I: O Módulo da Web health foi ligado ao default_host.
[17/05/2020 13:47:01:873 BRT] 00000025 com.ibm.ws.webcontainer.osgi.webapp.WebGroup                 I SRVE0169I: Carregando o Módulo da Web: MicroProfileOpenAPI.
[17/05/2020 13:47:01:882 BRT] 00000025 com.ibm.ws.webcontainer                                      I SRVE0250I: O Módulo da Web MicroProfileOpenAPI foi ligado ao default_host.
[17/05/2020 13:47:01:883 BRT] 00000026 com.ibm.ws.http.internal.VirtualHostImpl                     A CWWKT0016I: Aplicativo da Web disponível (default_host): http://localhost:9081/health/
[17/05/2020 13:47:01:874 BRT] 0000002b com.ibm.ws.webcontainer.osgi.webapp.WebGroup                 I SRVE0169I: Carregando o Módulo da Web: ibm/api.
[17/05/2020 13:47:01:889 BRT] 0000002b com.ibm.ws.webcontainer                                      I SRVE0250I: O Módulo da Web ibm/api foi ligado ao default_host.
[17/05/2020 13:47:01:873 BRT] 0000002e com.ibm.ws.webcontainer.osgi.webapp.WebGroup                 I SRVE0169I: Carregando o Módulo da Web: PublicMicroProfileMetrics.
[17/05/2020 13:47:01:889 BRT] 0000002e com.ibm.ws.webcontainer                                      I SRVE0250I: O Módulo da Web PublicMicroProfileMetrics foi ligado ao default_host.
[17/05/2020 13:47:01:875 BRT] 00000023 com.ibm.ws.webcontainer.osgi.webapp.WebGroup                 I SRVE0169I: Carregando o Módulo da Web: com.ibm.ws.security.jwt.
[17/05/2020 13:47:01:890 BRT] 00000023 com.ibm.ws.webcontainer                                      I SRVE0250I: O Módulo da Web com.ibm.ws.security.jwt foi ligado ao default_host.
[17/05/2020 13:47:01:870 BRT] 0000002c com.ibm.ws.webcontainer.osgi.webapp.WebGroup                 I SRVE0169I: Carregando o Módulo da Web: OpenAPIUI.
[17/05/2020 13:47:01:890 BRT] 0000002c com.ibm.ws.webcontainer                                      I SRVE0250I: O Módulo da Web OpenAPIUI foi ligado ao default_host.
[17/05/2020 13:47:01:891 BRT] 0000002c com.ibm.ws.http.internal.VirtualHostImpl                     A CWWKT0016I: Aplicativo da Web disponível (default_host): http://localhost:9081/openapi/ui/
[17/05/2020 13:47:01:902 BRT] 00000023 com.ibm.ws.http.internal.VirtualHostImpl                     A CWWKT0016I: Aplicativo da Web disponível (default_host): http://localhost:9081/jwt/
[17/05/2020 13:47:01:904 BRT] 0000002e com.ibm.ws.http.internal.VirtualHostImpl                     A CWWKT0016I: Aplicativo da Web disponível (default_host): http://localhost:9081/metrics/
[17/05/2020 13:47:01:906 BRT] 0000002b com.ibm.ws.http.internal.VirtualHostImpl                     A CWWKT0016I: Aplicativo da Web disponível (default_host): http://localhost:9081/ibm/api/
[17/05/2020 13:47:01:907 BRT] 00000025 com.ibm.ws.http.internal.VirtualHostImpl                     A CWWKT0016I: Aplicativo da Web disponível (default_host): http://localhost:9081/openapi/
[17/05/2020 13:47:02:037 BRT] 0000002e com.ibm.ws.session.WASSessionCore                            I SESN0176I: Um novo contexto de sessão será criado para a chave do aplicativo default_host/ibm/api
[17/05/2020 13:47:02:043 BRT] 00000033 com.ibm.ws.session.WASSessionCore                            I SESN0176I: Um novo contexto de sessão será criado para a chave do aplicativo default_host/metrics
[17/05/2020 13:47:02:044 BRT] 0000002c com.ibm.ws.session.WASSessionCore                            I SESN0176I: Um novo contexto de sessão será criado para a chave do aplicativo default_host/openapi/ui
[17/05/2020 13:47:02:044 BRT] 00000036 com.ibm.ws.session.WASSessionCore                            I SESN0176I: Um novo contexto de sessão será criado para a chave do aplicativo default_host/jwt
[17/05/2020 13:47:02:044 BRT] 00000035 com.ibm.ws.session.WASSessionCore                            I SESN0176I: Um novo contexto de sessão será criado para a chave do aplicativo default_host/health
[17/05/2020 13:47:02:046 BRT] 00000025 com.ibm.ws.session.WASSessionCore                            I SESN0176I: Um novo contexto de sessão será criado para a chave do aplicativo default_host/openapi
[17/05/2020 13:47:02:069 BRT] 0000002e com.ibm.ws.util                                              I SESN0172I: O gerenciador de sessões está usando a implementação SecureRandom padrão Java para geração do ID de sessão.
[17/05/2020 13:47:02:079 BRT] 00000025 com.ibm.ws.util                                              I SESN0172I: O gerenciador de sessões está usando a implementação SecureRandom padrão Java para geração do ID de sessão.
[17/05/2020 13:47:02:081 BRT] 00000033 com.ibm.ws.util                                              I SESN0172I: O gerenciador de sessões está usando a implementação SecureRandom padrão Java para geração do ID de sessão.
[17/05/2020 13:47:02:081 BRT] 00000035 com.ibm.ws.util                                              I SESN0172I: O gerenciador de sessões está usando a implementação SecureRandom padrão Java para geração do ID de sessão.
[17/05/2020 13:47:02:082 BRT] 00000036 com.ibm.ws.util                                              I SESN0172I: O gerenciador de sessões está usando a implementação SecureRandom padrão Java para geração do ID de sessão.
[17/05/2020 13:47:02:083 BRT] 0000002c com.ibm.ws.util                                              I SESN0172I: O gerenciador de sessões está usando a implementação SecureRandom padrão Java para geração do ID de sessão.
[17/05/2020 13:47:02:092 BRT] 0000002c com.ibm.ws.cache.CacheServiceImpl                            I DYNA1056I: Cache Dinâmico (cache de objeto) inicializado com êxito.
[17/05/2020 13:47:02:443 BRT] 00000033 com.ibm.ws.webcontainer.servlet                              I SRVE0242I: [com.ibm.ws.microprofile.metrics.public] [/metrics] [PublicMetricsRESTProxyServlet]: Inicialização bem sucedida.
[17/05/2020 13:47:02:463 BRT] 00000035 com.ibm.ws.webcontainer.servlet                              I SRVE0242I: [com.ibm.ws.microprofile.health.2.0] [/health] [HealthCheckReadinessServlet]: Inicialização bem sucedida.
[17/05/2020 13:47:02:472 BRT] 00000035 com.ibm.ws.webcontainer.servlet                              I SRVE0242I: [com.ibm.ws.microprofile.health.2.0] [/health] [HealthCheckServlet]: Inicialização bem sucedida.
[17/05/2020 13:47:02:475 BRT] 00000035 com.ibm.ws.webcontainer.servlet                              I SRVE0242I: [com.ibm.ws.microprofile.health.2.0] [/health] [HealthCheckLivenessServlet]: Inicialização bem sucedida.
[17/05/2020 13:47:02:473 BRT] 00000025 com.ibm.ws.webcontainer.servlet                              I SRVE0242I: [com.ibm.ws.microprofile.openapi] [/openapi] [OpenAPIServlet]: Inicialização bem sucedida.
[17/05/2020 13:47:02:617 BRT] 00000023 com.ibm.ws.webcontainer.osgi.mbeans.PluginGenerator          I SRVE9103I: Um arquivo de configuração para um plug-in de servidor da web foi automaticamente gerado para este servidor em /home/gui/devs/user/target/liberty/wlp/usr/servers/orion-user-service/logs/state/plugin-cfg.xml.
[17/05/2020 13:47:02:833 BRT] 00000034 com.ibm.ws.jca.cm.ConnectorService                           I J2CA8050I: Um alias de autenticação deveria ser usado em vez de definir um nome de usuário e senha em dataSource[default-0].
[17/05/2020 13:47:03:066 BRT] 00000034 com.ibm.ws.recoverylog.spi.RecoveryDirectorImpl              I CWRLS0010I: Realizando processamento de recuperação para o servidor WebSphere local (orion-user-service).
[17/05/2020 13:47:03:106 BRT] 00000034 com.ibm.ws.recoverylog.spi.RecoveryDirectorImpl              I CWRLS0012I: Todos os serviços persistentes foram direcionados para realizar o processamento de recuperação para este servidor WebSphere (orion-user-service).
[17/05/2020 13:47:03:106 BRT] 0000003b com.ibm.tx.jta.impl.RecoveryManager                          I WTRN0135I: O serviço de transações não está recuperando nenhuma transação.
[17/05/2020 13:47:03:905 BRT] 00000034 com.ibm.ws.microprofile.openapi.ApplicationProcessor         I CWWKO1660I: O aplicativo orion-user-service foi processado e um documento OpenAPI foi produzido.
[17/05/2020 13:47:03:936 BRT] 00000034 org.jboss.weld.Version                                       I WELD-000900: 3.1.4 (Final)
[17/05/2020 13:47:05:337 BRT] 00000034 com.ibm.ws.webcontainer.osgi.webapp.WebGroup                 I SRVE0169I: Carregando o Módulo da Web: orion-user-service.
[17/05/2020 13:47:05:338 BRT] 00000034 com.ibm.ws.webcontainer                                      I SRVE0250I: O Módulo da Web orion-user-service foi ligado ao default_host.
[17/05/2020 13:47:05:338 BRT] 00000034 com.ibm.ws.http.internal.VirtualHostImpl                     A CWWKT0016I: Aplicativo da Web disponível (default_host): http://localhost:9081/
[17/05/2020 13:47:05:340 BRT] 00000033 com.ibm.ws.session.WASSessionCore                            I SESN0176I: Um novo contexto de sessão será criado para a chave do aplicativo default_host/
[17/05/2020 13:47:05:341 BRT] 00000033 com.ibm.ws.util                                              I SESN0172I: O gerenciador de sessões está usando a implementação SecureRandom padrão Java para geração do ID de sessão.
[17/05/2020 13:47:05:347 BRT] 00000034 com.ibm.ws.app.manager.AppMessageHelper                      A CWWKZ0001I: O aplicativo orion-user-service foi iniciado em 3,867 segundos.
[17/05/2020 13:47:05:389 BRT] 00000022 com.ibm.ws.tcpchannel.internal.TCPPort                       I CWWKO0219I: O Canal TCP defaultHttpEndpoint foi iniciado e agora está atendendo solicitações no host localhost  (IPv4: 127.0.0.1) porta 9081.
[17/05/2020 13:47:05:393 BRT] 00000022 com.ibm.ws.tcpchannel.internal.TCPPort                       I CWWKO0219I: O Canal TCP defaultHttpEndpoint-ssl foi iniciado e agora está atendendo solicitações no host localhost  (IPv4: 127.0.0.1) porta 9444.
[17/05/2020 13:47:05:408 BRT] 00000022 com.ibm.ws.kernel.feature.internal.FeatureManager            A CWWKF0012I: O servidor instalou os recursos a seguir: [appSecurity-2.0, cdi-2.0, concurrent-1.0, distributedMap-1.0, jaxrs-2.1, jaxrsClient-2.1, jdbc-4.2, jndi-1.0, jpa-2.2, jpaContainer-2.2, json-1.0, jsonb-1.0, jsonp-1.1, jwt-1.0, microProfile-3.2, mpConfig-1.3, mpFaultTolerance-2.0, mpHealth-2.1, mpJwt-1.1, mpMetrics-2.2, mpOpenAPI-1.1, mpOpenTracing-1.3, mpRestClient-1.3, opentracing-1.3, servlet-4.0, ssl-1.0].
[17/05/2020 13:47:05:413 BRT] 00000022 com.ibm.ws.kernel.feature.internal.FeatureManager            I CWWKF0008I: Atualização do recurso concluída em 6,893 segundos.
[17/05/2020 13:47:05:415 BRT] 00000023 com.ibm.ws.webcontainer.osgi.mbeans.PluginGenerator          I SRVE9103I: Um arquivo de configuração para um plug-in de servidor da web foi automaticamente gerado para este servidor em /home/gui/devs/user/target/liberty/wlp/usr/servers/orion-user-service/logs/state/plugin-cfg.xml.
[17/05/2020 13:47:05:416 BRT] 00000022 com.ibm.ws.kernel.feature.internal.FeatureManager            A CWWKF0011I: O servidor orion-user-service está pronto para gerenciar um planeta mais inteligente. O servidor orion-user-service foi iniciado em 7,957 segundos.
[17/05/2020 13:47:08:698 BRT] 0000003d com.ibm.ws.http.internal.VirtualHostImpl                     A CWWKT0017I: Aplicativo da Web removido (default_host): http://localhost:9081/
[17/05/2020 13:47:08:778 BRT] 0000003d com.ibm.ws.app.manager.AppMessageHelper                      A CWWKZ0009I: O aplicativo orion-user-service foi interrompido com sucesso.
[17/05/2020 13:47:08:789 BRT] 0000003d com.ibm.ws.app.manager.AppMessageHelper                      I CWWKZ0018I: Iniciando o aplicativo orion-user-service.
[17/05/2020 13:47:08:789 BRT] 0000003d bm.ws.app.manager.war.internal.WARDeployedAppInfoFactoryImpl I CWWKZ0134I: O aplicativo orion-user-service está usando a definição de aplicativo indefinido no local /home/gui/devs/user/target/liberty/wlp/usr/servers/orion-user-service/apps/orion-user-service.war.xml.
[17/05/2020 13:47:08:837 BRT] 00000044 com.ibm.ws.webcontainer.osgi.mbeans.PluginGenerator          I SRVE9103I: Um arquivo de configuração para um plug-in de servidor da web foi automaticamente gerado para este servidor em /home/gui/devs/user/target/liberty/wlp/usr/servers/orion-user-service/logs/state/plugin-cfg.xml.
[17/05/2020 13:47:09:006 BRT] 0000003d com.ibm.ws.microprofile.openapi.ApplicationProcessor         I CWWKO1660I: O aplicativo orion-user-service foi processado e um documento OpenAPI foi produzido.
[17/05/2020 13:47:09:503 BRT] 0000003d com.ibm.ws.webcontainer.osgi.webapp.WebGroup                 I SRVE0169I: Carregando o Módulo da Web: orion-user-service.
[17/05/2020 13:47:09:504 BRT] 0000003d com.ibm.ws.webcontainer                                      I SRVE0250I: O Módulo da Web orion-user-service foi ligado ao default_host.
[17/05/2020 13:47:09:504 BRT] 0000003d com.ibm.ws.http.internal.VirtualHostImpl                     A CWWKT0016I: Aplicativo da Web disponível (default_host): http://localhost:9081/
[17/05/2020 13:47:09:514 BRT] 00000023 com.ibm.ws.session.WASSessionCore                            I SESN0176I: Um novo contexto de sessão será criado para a chave do aplicativo default_host/
[17/05/2020 13:47:09:515 BRT] 00000023 com.ibm.ws.util                                              I SESN0172I: O gerenciador de sessões está usando a implementação SecureRandom padrão Java para geração do ID de sessão.
[17/05/2020 13:47:09:520 BRT] 0000003d com.ibm.ws.app.manager.AppMessageHelper                      A CWWKZ0003I: O aplicativo orion-user-service foi atualizado em 0,730 segundos.
[17/05/2020 13:47:09:551 BRT] 00000045 com.ibm.ws.webcontainer.osgi.mbeans.PluginGenerator          I SRVE9103I: Um arquivo de configuração para um plug-in de servidor da web foi automaticamente gerado para este servidor em /home/gui/devs/user/target/liberty/wlp/usr/servers/orion-user-service/logs/state/plugin-cfg.xml.
[17/05/2020 15:14:46:617 BRT] 00000e80 .apache.cxf.cxf.core.3.2:1.0.40.cl200520200429-1655(id=187)] I Setting the server's publish address to be /user/
[17/05/2020 15:14:46:676 BRT] 00000e80 com.ibm.ws.webcontainer.servlet                              I SRVE0242I: [orion-user-service] [/] [orion.user.OrionUserRestApplication]: Inicialização bem sucedida.
[17/05/2020 16:16:20:776 BRT] 00001844 SystemErr                                                    R SLF4J: Failed to load class "org.slf4j.impl.StaticLoggerBinder".
[17/05/2020 16:16:20:781 BRT] 00001844 SystemErr                                                    R SLF4J: Defaulting to no-operation (NOP) logger implementation
[17/05/2020 16:16:20:783 BRT] 00001844 SystemErr                                                    R SLF4J: See http://www.slf4j.org/codes.html#StaticLoggerBinder for further details.
[17/05/2020 16:16:21:028 BRT] 00001844 m.ibm.ws.microprofile.opentracing.jaeger.JaegerTracerFactory I CWMOT1001I: Uma instância de JaegerTracer foi criada para o aplicativo orion-user-service. As informações de rastreio são enviadas para localhost:6831.
[17/05/2020 16:16:21:151 BRT] 00001844 eclipselink                                                  I CWWJP9990I: [eclipselink] EclipseLink, versão: Eclipse Persistence Services - 2.7.6.v20200131-b7c997804f
[17/05/2020 16:16:21:579 BRT] 00001844 com.ibm.ws.rsadapter.impl.DatabaseHelper                     I DSRA8203I: Nome do produto de banco de dados: MySQL
[17/05/2020 16:16:21:584 BRT] 00001844 com.ibm.ws.rsadapter.impl.DatabaseHelper                     I DSRA8204I: Versão do produto Banco de Dados: 8.0.20
[17/05/2020 16:16:21:584 BRT] 00001844 com.ibm.ws.rsadapter.impl.DatabaseHelper                     I DSRA8205I: Nome do driver JDBC: MySQL Connector/J
[17/05/2020 16:16:21:584 BRT] 00001844 com.ibm.ws.rsadapter.impl.DatabaseHelper                     I DSRA8206I: Versão do driver JDBC: mysql-connector-java-8.0.19 (Revision: a0ca826f5cdf51a98356fdfb1bf251eb042f80bf)
[17/05/2020 16:16:21:660 BRT] 00001844 eclipselink.connection                                       I CWWJP9990I: [eclipselink.connection] orion-user-service/file:/home/gui/devs/user/target/classes/_OrionUserDS login bem-sucedido
[17/05/2020 17:45:15:952 BRT] 00002627 com.ibm.ws.http.internal.VirtualHostImpl                     A CWWKT0017I: Aplicativo da Web removido (default_host): http://localhost:9081/
[17/05/2020 17:45:15:964 BRT] 00002627 com.ibm.ws.webcontainer.servlet                              I SRVE0253I: [orion-user-service] [/] [orion.user.OrionUserRestApplication]: Destruição bem sucedida.
[17/05/2020 17:45:15:975 BRT] 00002627 eclipselink.connection                                       I CWWJP9990I: [eclipselink.connection] orion-user-service/file:/home/gui/devs/user/target/classes/_OrionUserDS logout bem-sucedido
[17/05/2020 17:45:16:009 BRT] 00002627 com.ibm.ws.app.manager.AppMessageHelper                      A CWWKZ0009I: O aplicativo orion-user-service foi interrompido com sucesso.
[17/05/2020 17:45:16:015 BRT] 00002627 com.ibm.ws.app.manager.AppMessageHelper                      I CWWKZ0018I: Iniciando o aplicativo orion-user-service.
[17/05/2020 17:45:16:015 BRT] 00002627 bm.ws.app.manager.war.internal.WARDeployedAppInfoFactoryImpl I CWWKZ0134I: O aplicativo orion-user-service está usando a definição de aplicativo indefinido no local /home/gui/devs/user/target/liberty/wlp/usr/servers/orion-user-service/apps/orion-user-service.war.xml.
[17/05/2020 17:45:16:069 BRT] 0000262d com.ibm.ws.webcontainer.osgi.mbeans.PluginGenerator          I SRVE9103I: Um arquivo de configuração para um plug-in de servidor da web foi automaticamente gerado para este servidor em /home/gui/devs/user/target/liberty/wlp/usr/servers/orion-user-service/logs/state/plugin-cfg.xml.
[17/05/2020 17:45:16:251 BRT] 00002627 com.ibm.ws.microprofile.openapi.ApplicationProcessor         I CWWKO1660I: O aplicativo orion-user-service foi processado e um documento OpenAPI foi produzido.
[17/05/2020 17:45:16:805 BRT] 00002627 com.ibm.ws.webcontainer.osgi.webapp.WebGroup                 I SRVE0169I: Carregando o Módulo da Web: orion-user-service.
[17/05/2020 17:45:16:806 BRT] 00002627 com.ibm.ws.webcontainer                                      I SRVE0250I: O Módulo da Web orion-user-service foi ligado ao default_host.
[17/05/2020 17:45:16:806 BRT] 00002627 com.ibm.ws.http.internal.VirtualHostImpl                     A CWWKT0016I: Aplicativo da Web disponível (default_host): http://localhost:9081/
[17/05/2020 17:45:16:812 BRT] 00002636 com.ibm.ws.session.WASSessionCore                            I SESN0176I: Um novo contexto de sessão será criado para a chave do aplicativo default_host/
[17/05/2020 17:45:16:813 BRT] 00002636 com.ibm.ws.util                                              I SESN0172I: O gerenciador de sessões está usando a implementação SecureRandom padrão Java para geração do ID de sessão.
[17/05/2020 17:45:16:826 BRT] 00002627 com.ibm.ws.app.manager.AppMessageHelper                      A CWWKZ0003I: O aplicativo orion-user-service foi atualizado em 0,811 segundos.
[17/05/2020 17:45:16:849 BRT] 00002642 com.ibm.ws.webcontainer.osgi.mbeans.PluginGenerator          I SRVE9103I: Um arquivo de configuração para um plug-in de servidor da web foi automaticamente gerado para este servidor em /home/gui/devs/user/target/liberty/wlp/usr/servers/orion-user-service/logs/state/plugin-cfg.xml.
[17/05/2020 17:45:38:473 BRT] 00002657 .apache.cxf.cxf.core.3.2:1.0.40.cl200520200429-1655(id=187)] I Setting the server's publish address to be /user/
[17/05/2020 17:45:38:482 BRT] 00002657 com.ibm.ws.webcontainer.servlet                              I SRVE0242I: [orion-user-service] [/] [orion.user.OrionUserRestApplication]: Inicialização bem sucedida.
[17/05/2020 17:45:38:497 BRT] 00002657 eclipselink                                                  I CWWJP9990I: [eclipselink] EclipseLink, versão: Eclipse Persistence Services - 2.7.6.v20200131-b7c997804f
[17/05/2020 17:45:38:563 BRT] 00002657 eclipselink.connection                                       I CWWJP9990I: [eclipselink.connection] orion-user-service/file:/home/gui/devs/user/target/classes/_OrionUserDS login bem-sucedido
[17/05/2020 23:49:53:837 BRT] 00000013 com.ibm.ws.kernel.launch.internal.FrameworkManager           A CWWKE0085I: O servidor orion-user-service está parando porque a JVM está saindo.
[17/05/2020 23:49:53:850 BRT] 00006206 com.ibm.ws.runtime.update.internal.RuntimeUpdateManagerImpl  A CWWKE1100I: Aguardando até 30 segundos para o servidor ser colocado em modo quiesce.
[17/05/2020 23:49:53:863 BRT] 000061fd com.ibm.ws.tcpchannel.internal.TCPChannel                    I CWWKO0220I: O Canal TCP defaultHttpEndpoint-ssl interrompeu o atendimento das solicitações no host localhost  (IPv4: 127.0.0.1) porta 9444.
[17/05/2020 23:49:53:866 BRT] 000061fd com.ibm.ws.tcpchannel.internal.TCPChannel                    I CWWKO0220I: O Canal TCP defaultHttpEndpoint interrompeu o atendimento das solicitações no host localhost  (IPv4: 127.0.0.1) porta 9081.
[17/05/2020 23:49:53:867 BRT] 000061fd com.ibm.ws.http.internal.VirtualHostImpl                     A CWWKT0017I: Aplicativo da Web removido (default_host): http://localhost:9081/jwt/
[17/05/2020 23:49:53:868 BRT] 000061fd com.ibm.ws.http.internal.VirtualHostImpl                     A CWWKT0017I: Aplicativo da Web removido (default_host): http://localhost:9081/openapi/ui/
[17/05/2020 23:49:53:868 BRT] 000061fd com.ibm.ws.http.internal.VirtualHostImpl                     A CWWKT0017I: Aplicativo da Web removido (default_host): http://localhost:9081/health/
[17/05/2020 23:49:53:868 BRT] 000061fd com.ibm.ws.http.internal.VirtualHostImpl                     A CWWKT0017I: Aplicativo da Web removido (default_host): http://localhost:9081/metrics/
[17/05/2020 23:49:53:868 BRT] 000061fd com.ibm.ws.http.internal.VirtualHostImpl                     A CWWKT0017I: Aplicativo da Web removido (default_host): http://localhost:9081/
[17/05/2020 23:49:53:868 BRT] 000061fd com.ibm.ws.http.internal.VirtualHostImpl                     A CWWKT0017I: Aplicativo da Web removido (default_host): http://localhost:9081/ibm/api/
[17/05/2020 23:49:53:869 BRT] 000061fd com.ibm.ws.http.internal.VirtualHostImpl                     A CWWKT0017I: Aplicativo da Web removido (default_host): http://localhost:9081/openapi/
[17/05/2020 23:49:54:121 BRT] 00000014 com.ibm.ws.kernel.launch.internal.ServerCommandListener      A CWWKE0055I: Encerramento do servidor solicitado em domingo, 17 de maio de 2020 às 23:49. O servidor orion-user-service está sendo encerrado.
[17/05/2020 23:49:54:873 BRT] 00006206 com.ibm.ws.runtime.update.internal.RuntimeUpdateManagerImpl  I CWWKE1101I: Colocação em modo quiesce do servidor concluída.
[17/05/2020 23:49:54:943 BRT] 00006203 eclipselink.connection                                       I CWWJP9990I: [eclipselink.connection] orion-user-service/file:/home/gui/devs/user/target/classes/_OrionUserDS logout bem-sucedido
[17/05/2020 23:49:54:973 BRT] 00006203 com.ibm.ws.app.manager.AppMessageHelper                      A CWWKZ0009I: O aplicativo orion-user-service foi interrompido com sucesso.
[17/05/2020 23:49:55:173 BRT] 00006206 com.ibm.tx.jta.impl.FailureScopeController                   A WTRN0105I: O serviço de transações foi encerrado com êxito sem necessidade de recuperação de transações.
[17/05/2020 23:49:55:261 BRT] 00006206 .ws.security.mp.jwt.v11.config.impl.MpConfigProxyServiceImpl I CWWKS5777I: O mpConfigProxy do MicroProfile JWT versão 1.1 foi desativado com sucesso.
[17/05/2020 23:49:55:273 BRT] 00006206 com.ibm.ws.security.mp.jwt.impl.MicroProfileJwtConfigImpl    I CWWKS5502I: A configuração do MicroProfile JWT [jwtUserConsumer] foi desativada com sucesso.
[17/05/2020 23:49:55:275 BRT] 00006206 com.ibm.ws.security.mp.jwt.impl.MicroProfileJwtConfigImpl    I CWWKS5502I: A configuração do MicroProfile JWT [defaultMpJwt] foi desativada com sucesso.
[17/05/2020 23:49:55:277 BRT] 00006206 com.ibm.ws.security.mp.jwt.impl.MicroProfileJwtServiceImpl   I CWWKS5502I: A configuração do MicroProfile JWT [MicroProfileJwtService] foi desativada com sucesso.
[17/05/2020 23:49:55:456 BRT] 00006206 com.ibm.ws.security.ready.internal.SecurityReadyServiceImpl  I CWWKS0009I: O serviço de segurança parou.
[17/05/2020 23:49:55:490 BRT] 00006206 ibm.ws.security.authentication.internal.jaas.JAASServiceImpl I CWWKS1124I:  O plug-in de autenticação coletivo com o nome de classe NullCollectiveAuthenticationPlugin foi desativado. 
[17/05/2020 23:49:55:743 BRT] 00000001 com.ibm.ws.kernel.launch.internal.FrameworkManager           A CWWKE0036I: O servidor orion-user-service foi interrompido depois de 10 horas, 2 minutos, 58,284 segundos.
